{"name":"hexo","hostname":"gejiajundeMini.lan","pid":8558,"level":20,"msg":"Hexo version: \u001b[35m3.3.6\u001b[39m","time":"2017-07-29T07:38:01.589Z","v":0}
{"name":"hexo","hostname":"gejiajundeMini.lan","pid":8558,"level":20,"msg":"Working directory: \u001b[35m~/Code/Hexo/\u001b[39m","time":"2017-07-29T07:38:01.591Z","v":0}
{"name":"hexo","hostname":"gejiajundeMini.lan","pid":8558,"level":20,"msg":"Config loaded: \u001b[35m~/Code/Hexo/_config.yml\u001b[39m","time":"2017-07-29T07:38:01.654Z","v":0}
{"name":"hexo","hostname":"gejiajundeMini.lan","pid":8558,"level":20,"msg":"Plugin loaded: \u001b[35mhexo-deployer-git\u001b[39m","time":"2017-07-29T07:38:01.683Z","v":0}
{"name":"hexo","hostname":"gejiajundeMini.lan","pid":8558,"level":20,"msg":"Plugin loaded: \u001b[35mhexo-generator-archive\u001b[39m","time":"2017-07-29T07:38:01.685Z","v":0}
{"name":"hexo","hostname":"gejiajundeMini.lan","pid":8558,"level":20,"msg":"Plugin loaded: \u001b[35mhexo-generator-baidu-sitemap\u001b[39m","time":"2017-07-29T07:38:01.688Z","v":0}
{"name":"hexo","hostname":"gejiajundeMini.lan","pid":8558,"level":20,"msg":"Plugin loaded: \u001b[35mhexo-generator-category\u001b[39m","time":"2017-07-29T07:38:01.689Z","v":0}
{"name":"hexo","hostname":"gejiajundeMini.lan","pid":8558,"level":20,"msg":"Plugin loaded: \u001b[35mhexo-generator-index\u001b[39m","time":"2017-07-29T07:38:01.690Z","v":0}
{"name":"hexo","hostname":"gejiajundeMini.lan","pid":8558,"level":20,"msg":"Plugin loaded: \u001b[35mhexo-generator-sitemap\u001b[39m","time":"2017-07-29T07:38:01.691Z","v":0}
{"name":"hexo","hostname":"gejiajundeMini.lan","pid":8558,"level":20,"msg":"Plugin loaded: \u001b[35mhexo-generator-tag\u001b[39m","time":"2017-07-29T07:38:01.692Z","v":0}
{"name":"hexo","hostname":"gejiajundeMini.lan","pid":8558,"level":20,"msg":"Plugin loaded: \u001b[35mhexo-renderer-ejs\u001b[39m","time":"2017-07-29T07:38:01.693Z","v":0}
{"name":"hexo","hostname":"gejiajundeMini.lan","pid":8558,"level":20,"msg":"Plugin loaded: \u001b[35mhexo-renderer-marked\u001b[39m","time":"2017-07-29T07:38:01.697Z","v":0}
{"name":"hexo","hostname":"gejiajundeMini.lan","pid":8558,"level":20,"msg":"Plugin loaded: \u001b[35mhexo-renderer-stylus\u001b[39m","time":"2017-07-29T07:38:01.700Z","v":0}
{"name":"hexo","hostname":"gejiajundeMini.lan","pid":8558,"level":20,"msg":"Plugin loaded: \u001b[35mhexo-server\u001b[39m","time":"2017-07-29T07:38:01.750Z","v":0}
{"name":"hexo","hostname":"gejiajundeMini.lan","pid":8558,"level":20,"msg":"Script loaded: \u001b[35mthemes/next/scripts/merge-configs.js\u001b[39m","time":"2017-07-29T07:38:01.753Z","v":0}
{"name":"hexo","hostname":"gejiajundeMini.lan","pid":8558,"level":20,"msg":"Script loaded: \u001b[35mthemes/next/scripts/merge.js\u001b[39m","time":"2017-07-29T07:38:01.756Z","v":0}
{"name":"hexo","hostname":"gejiajundeMini.lan","pid":8558,"level":20,"msg":"Script loaded: \u001b[35mthemes/next/scripts/tags/button.js\u001b[39m","time":"2017-07-29T07:38:01.756Z","v":0}
{"name":"hexo","hostname":"gejiajundeMini.lan","pid":8558,"level":20,"msg":"Script loaded: \u001b[35mthemes/next/scripts/tags/center-quote.js\u001b[39m","time":"2017-07-29T07:38:01.756Z","v":0}
{"name":"hexo","hostname":"gejiajundeMini.lan","pid":8558,"level":20,"msg":"Script loaded: \u001b[35mthemes/next/scripts/tags/exturl.js\u001b[39m","time":"2017-07-29T07:38:01.757Z","v":0}
{"name":"hexo","hostname":"gejiajundeMini.lan","pid":8558,"level":20,"msg":"Script loaded: \u001b[35mthemes/next/scripts/tags/full-image.js\u001b[39m","time":"2017-07-29T07:38:01.757Z","v":0}
{"name":"hexo","hostname":"gejiajundeMini.lan","pid":8558,"level":20,"msg":"Script loaded: \u001b[35mthemes/next/scripts/tags/group-pictures.js\u001b[39m","time":"2017-07-29T07:38:01.758Z","v":0}
{"name":"hexo","hostname":"gejiajundeMini.lan","pid":8558,"level":20,"msg":"Script loaded: \u001b[35mthemes/next/scripts/tags/note.js\u001b[39m","time":"2017-07-29T07:38:01.758Z","v":0}
{"name":"hexo","hostname":"gejiajundeMini.lan","pid":8558,"level":20,"msg":"Loading database.","time":"2017-07-29T07:38:01.765Z","v":0}
{"name":"hexo","hostname":"gejiajundeMini.lan","pid":8558,"level":30,"msg":"Start processing","time":"2017-07-29T07:38:01.883Z","v":0}
{"name":"hexo","hostname":"gejiajundeMini.lan","pid":8558,"level":20,"msg":"Processed: \u001b[35mdebug.log\u001b[39m","time":"2017-07-29T07:38:01.970Z","v":0}
{"name":"hexo","hostname":"gejiajundeMini.lan","pid":8558,"level":20,"msg":"Processed: \u001b[35mrobots.txt\u001b[39m","time":"2017-07-29T07:38:01.970Z","v":0}
{"name":"hexo","hostname":"gejiajundeMini.lan","pid":8558,"level":20,"msg":"Processed: \u001b[35mCNAME\u001b[39m","time":"2017-07-29T07:38:02.011Z","v":0}
{"name":"hexo","hostname":"gejiajundeMini.lan","pid":8558,"level":20,"msg":"Processed: \u001b[35m_posts/Flask-Gunicorn-Nginx-部署.md\u001b[39m","time":"2017-07-29T07:38:02.105Z","v":0}
{"name":"hexo","hostname":"gejiajundeMini.lan","pid":8558,"level":20,"msg":"Processed: \u001b[35m_posts/Hexo实现静态博客部署.md\u001b[39m","time":"2017-07-29T07:38:02.105Z","v":0}
{"name":"hexo","hostname":"gejiajundeMini.lan","pid":8558,"level":20,"msg":"Processed: \u001b[35m_posts/MongoDB安装踩坑记.md\u001b[39m","time":"2017-07-29T07:38:02.105Z","v":0}
{"name":"hexo","hostname":"gejiajundeMini.lan","pid":8558,"level":20,"msg":"Processed: \u001b[35m_posts/yield与协程.md\u001b[39m","time":"2017-07-29T07:38:02.105Z","v":0}
{"name":"hexo","hostname":"gejiajundeMini.lan","pid":8558,"level":20,"msg":"Processed: \u001b[35m_posts/《24小时365天不间断服务-服务器-基础设施核心技术》-读书笔记.md\u001b[39m","time":"2017-07-29T07:38:02.105Z","v":0}
{"name":"hexo","hostname":"gejiajundeMini.lan","pid":8558,"level":20,"msg":"Processed: \u001b[35m_posts/《七周七语言》读书笔记.md\u001b[39m","time":"2017-07-29T07:38:02.106Z","v":0}
{"name":"hexo","hostname":"gejiajundeMini.lan","pid":8558,"level":20,"msg":"Processed: \u001b[35m_posts/《fluent-python》读书笔记.md\u001b[39m","time":"2017-07-29T07:38:02.106Z","v":0}
{"name":"hexo","hostname":"gejiajundeMini.lan","pid":8558,"level":20,"msg":"Processed: \u001b[35m_posts/《大规模Web服务开发技术》读书笔记.md\u001b[39m","time":"2017-07-29T07:38:02.106Z","v":0}
{"name":"hexo","hostname":"gejiajundeMini.lan","pid":8558,"level":20,"msg":"Processed: \u001b[35m_posts/《高性能网站建设》读书笔记.md\u001b[39m","time":"2017-07-29T07:38:02.106Z","v":0}
{"name":"hexo","hostname":"gejiajundeMini.lan","pid":8558,"level":20,"msg":"Processed: \u001b[35m_posts/寻职所感.md\u001b[39m","time":"2017-07-29T07:38:02.106Z","v":0}
{"name":"hexo","hostname":"gejiajundeMini.lan","pid":8558,"level":20,"msg":"Processed: \u001b[35m_posts/树莓派安装.md\u001b[39m","time":"2017-07-29T07:38:02.106Z","v":0}
{"name":"hexo","hostname":"gejiajundeMini.lan","pid":8558,"level":20,"msg":"Processed: \u001b[35mcategories/index.md\u001b[39m","time":"2017-07-29T07:38:02.106Z","v":0}
{"name":"hexo","hostname":"gejiajundeMini.lan","pid":8558,"level":20,"msg":"Processed: \u001b[35m_posts/解决Python模块因互相导入导致的ImportError错误.md\u001b[39m","time":"2017-07-29T07:38:02.106Z","v":0}
{"name":"hexo","hostname":"gejiajundeMini.lan","pid":8558,"level":20,"msg":"Processed: \u001b[35m_posts/生成器与yield.md\u001b[39m","time":"2017-07-29T07:38:02.106Z","v":0}
{"name":"hexo","hostname":"gejiajundeMini.lan","pid":8558,"level":20,"msg":"Processed: \u001b[35mtags/index.md\u001b[39m","time":"2017-07-29T07:38:02.107Z","v":0}
{"name":"hexo","hostname":"gejiajundeMini.lan","pid":8558,"level":20,"msg":"Theme config loaded.","time":"2017-07-29T07:38:02.238Z","v":0}
{"name":"hexo","hostname":"gejiajundeMini.lan","pid":8558,"level":20,"msg":"Processed: \u001b[35m_config.yml\u001b[39m","time":"2017-07-29T07:38:02.245Z","v":0}
{"name":"hexo","hostname":"gejiajundeMini.lan","pid":8558,"level":20,"msg":"Processed: \u001b[35msource/css/main.styl\u001b[39m","time":"2017-07-29T07:38:02.246Z","v":0}
{"name":"hexo","hostname":"gejiajundeMini.lan","pid":8558,"level":20,"msg":"Processed: \u001b[35msource/images/algolia_logo.svg\u001b[39m","time":"2017-07-29T07:38:02.297Z","v":0}
{"name":"hexo","hostname":"gejiajundeMini.lan","pid":8558,"level":20,"msg":"Processed: \u001b[35msource/images/avatar.gif\u001b[39m","time":"2017-07-29T07:38:02.299Z","v":0}
{"name":"hexo","hostname":"gejiajundeMini.lan","pid":8558,"level":20,"msg":"Processed: \u001b[35msource/images/cc-by-nc-nd.svg\u001b[39m","time":"2017-07-29T07:38:02.300Z","v":0}
{"name":"hexo","hostname":"gejiajundeMini.lan","pid":8558,"level":20,"msg":"Processed: \u001b[35msource/images/cc-by-nc-sa.svg\u001b[39m","time":"2017-07-29T07:38:02.300Z","v":0}
{"name":"hexo","hostname":"gejiajundeMini.lan","pid":8558,"level":20,"msg":"Processed: \u001b[35msource/images/cc-by-nc.svg\u001b[39m","time":"2017-07-29T07:38:02.301Z","v":0}
{"name":"hexo","hostname":"gejiajundeMini.lan","pid":8558,"level":20,"msg":"Processed: \u001b[35msource/images/cc-by-nd.svg\u001b[39m","time":"2017-07-29T07:38:02.301Z","v":0}
{"name":"hexo","hostname":"gejiajundeMini.lan","pid":8558,"level":20,"msg":"Processed: \u001b[35msource/images/cc-by.svg\u001b[39m","time":"2017-07-29T07:38:02.301Z","v":0}
{"name":"hexo","hostname":"gejiajundeMini.lan","pid":8558,"level":20,"msg":"Processed: \u001b[35msource/images/cc-by-sa.svg\u001b[39m","time":"2017-07-29T07:38:02.301Z","v":0}
{"name":"hexo","hostname":"gejiajundeMini.lan","pid":8558,"level":20,"msg":"Processed: \u001b[35msource/images/cc-zero.svg\u001b[39m","time":"2017-07-29T07:38:02.301Z","v":0}
{"name":"hexo","hostname":"gejiajundeMini.lan","pid":8558,"level":20,"msg":"Processed: \u001b[35msource/images/loading.gif\u001b[39m","time":"2017-07-29T07:38:02.302Z","v":0}
{"name":"hexo","hostname":"gejiajundeMini.lan","pid":8558,"level":20,"msg":"Processed: \u001b[35msource/images/placeholder.gif\u001b[39m","time":"2017-07-29T07:38:02.302Z","v":0}
{"name":"hexo","hostname":"gejiajundeMini.lan","pid":8558,"level":20,"msg":"Processed: \u001b[35msource/images/quote-l.svg\u001b[39m","time":"2017-07-29T07:38:02.303Z","v":0}
{"name":"hexo","hostname":"gejiajundeMini.lan","pid":8558,"level":20,"msg":"Processed: \u001b[35msource/images/quote-r.svg\u001b[39m","time":"2017-07-29T07:38:02.303Z","v":0}
{"name":"hexo","hostname":"gejiajundeMini.lan","pid":8558,"level":20,"msg":"Processed: \u001b[35msource/images/searchicon.png\u001b[39m","time":"2017-07-29T07:38:02.303Z","v":0}
{"name":"hexo","hostname":"gejiajundeMini.lan","pid":8558,"level":20,"msg":"Processed: \u001b[35mlayout/_layout.swig\u001b[39m","time":"2017-07-29T07:38:02.517Z","v":0}
{"name":"hexo","hostname":"gejiajundeMini.lan","pid":8558,"level":20,"msg":"Processed: \u001b[35mlayout/archive.swig\u001b[39m","time":"2017-07-29T07:38:02.517Z","v":0}
{"name":"hexo","hostname":"gejiajundeMini.lan","pid":8558,"level":20,"msg":"Processed: \u001b[35mlayout/category.swig\u001b[39m","time":"2017-07-29T07:38:02.517Z","v":0}
{"name":"hexo","hostname":"gejiajundeMini.lan","pid":8558,"level":20,"msg":"Processed: \u001b[35mlayout/post.swig\u001b[39m","time":"2017-07-29T07:38:02.517Z","v":0}
{"name":"hexo","hostname":"gejiajundeMini.lan","pid":8558,"level":20,"msg":"Processed: \u001b[35mlayout/page.swig\u001b[39m","time":"2017-07-29T07:38:02.517Z","v":0}
{"name":"hexo","hostname":"gejiajundeMini.lan","pid":8558,"level":20,"msg":"Processed: \u001b[35mlayout/schedule.swig\u001b[39m","time":"2017-07-29T07:38:02.517Z","v":0}
{"name":"hexo","hostname":"gejiajundeMini.lan","pid":8558,"level":20,"msg":"Processed: \u001b[35mlayout/tag.swig\u001b[39m","time":"2017-07-29T07:38:02.517Z","v":0}
{"name":"hexo","hostname":"gejiajundeMini.lan","pid":8558,"level":20,"msg":"Processed: \u001b[35mlayout/index.swig\u001b[39m","time":"2017-07-29T07:38:02.517Z","v":0}
{"name":"hexo","hostname":"gejiajundeMini.lan","pid":8558,"level":20,"msg":"Processed: \u001b[35mlanguages/de.yml\u001b[39m","time":"2017-07-29T07:38:02.529Z","v":0}
{"name":"hexo","hostname":"gejiajundeMini.lan","pid":8558,"level":20,"msg":"Processed: \u001b[35mlanguages/default.yml\u001b[39m","time":"2017-07-29T07:38:02.529Z","v":0}
{"name":"hexo","hostname":"gejiajundeMini.lan","pid":8558,"level":20,"msg":"Processed: \u001b[35mlanguages/en.yml\u001b[39m","time":"2017-07-29T07:38:02.529Z","v":0}
{"name":"hexo","hostname":"gejiajundeMini.lan","pid":8558,"level":20,"msg":"Processed: \u001b[35mlanguages/fr-FR.yml\u001b[39m","time":"2017-07-29T07:38:02.530Z","v":0}
{"name":"hexo","hostname":"gejiajundeMini.lan","pid":8558,"level":20,"msg":"Processed: \u001b[35mlanguages/id.yml\u001b[39m","time":"2017-07-29T07:38:02.530Z","v":0}
{"name":"hexo","hostname":"gejiajundeMini.lan","pid":8558,"level":20,"msg":"Processed: \u001b[35mlanguages/ja.yml\u001b[39m","time":"2017-07-29T07:38:02.530Z","v":0}
{"name":"hexo","hostname":"gejiajundeMini.lan","pid":8558,"level":20,"msg":"Processed: \u001b[35mlanguages/ko.yml\u001b[39m","time":"2017-07-29T07:38:02.530Z","v":0}
{"name":"hexo","hostname":"gejiajundeMini.lan","pid":8558,"level":20,"msg":"Processed: \u001b[35mlanguages/pt-BR.yml\u001b[39m","time":"2017-07-29T07:38:02.530Z","v":0}
{"name":"hexo","hostname":"gejiajundeMini.lan","pid":8558,"level":20,"msg":"Processed: \u001b[35mlanguages/pt.yml\u001b[39m","time":"2017-07-29T07:38:02.530Z","v":0}
{"name":"hexo","hostname":"gejiajundeMini.lan","pid":8558,"level":20,"msg":"Processed: \u001b[35mlanguages/ru.yml\u001b[39m","time":"2017-07-29T07:38:02.530Z","v":0}
{"name":"hexo","hostname":"gejiajundeMini.lan","pid":8558,"level":20,"msg":"Processed: \u001b[35mlanguages/zh-hk.yml\u001b[39m","time":"2017-07-29T07:38:02.530Z","v":0}
{"name":"hexo","hostname":"gejiajundeMini.lan","pid":8558,"level":20,"msg":"Processed: \u001b[35mlanguages/zh-Hans.yml\u001b[39m","time":"2017-07-29T07:38:02.530Z","v":0}
{"name":"hexo","hostname":"gejiajundeMini.lan","pid":8558,"level":20,"msg":"Processed: \u001b[35mlanguages/zh-tw.yml\u001b[39m","time":"2017-07-29T07:38:02.530Z","v":0}
{"name":"hexo","hostname":"gejiajundeMini.lan","pid":8558,"level":20,"msg":"Processed: \u001b[35m_posts/requests解析页面过慢一解.md\u001b[39m","time":"2017-07-29T07:38:02.530Z","v":0}
{"name":"hexo","hostname":"gejiajundeMini.lan","pid":8558,"level":20,"msg":"Processed: \u001b[35msource/js/src/affix.js\u001b[39m","time":"2017-07-29T07:38:02.580Z","v":0}
{"name":"hexo","hostname":"gejiajundeMini.lan","pid":8558,"level":20,"msg":"Processed: \u001b[35msource/js/src/algolia-search.js\u001b[39m","time":"2017-07-29T07:38:02.580Z","v":0}
{"name":"hexo","hostname":"gejiajundeMini.lan","pid":8558,"level":20,"msg":"Processed: \u001b[35msource/js/src/bootstrap.js\u001b[39m","time":"2017-07-29T07:38:02.580Z","v":0}
{"name":"hexo","hostname":"gejiajundeMini.lan","pid":8558,"level":20,"msg":"Processed: \u001b[35msource/js/src/exturl.js\u001b[39m","time":"2017-07-29T07:38:02.580Z","v":0}
{"name":"hexo","hostname":"gejiajundeMini.lan","pid":8558,"level":20,"msg":"Processed: \u001b[35msource/js/src/hook-duoshuo.js\u001b[39m","time":"2017-07-29T07:38:02.580Z","v":0}
{"name":"hexo","hostname":"gejiajundeMini.lan","pid":8558,"level":20,"msg":"Processed: \u001b[35msource/js/src/js.cookie.js\u001b[39m","time":"2017-07-29T07:38:02.581Z","v":0}
{"name":"hexo","hostname":"gejiajundeMini.lan","pid":8558,"level":20,"msg":"Processed: \u001b[35msource/js/src/motion.js\u001b[39m","time":"2017-07-29T07:38:02.581Z","v":0}
{"name":"hexo","hostname":"gejiajundeMini.lan","pid":8558,"level":20,"msg":"Processed: \u001b[35msource/js/src/post-details.js\u001b[39m","time":"2017-07-29T07:38:02.582Z","v":0}
{"name":"hexo","hostname":"gejiajundeMini.lan","pid":8558,"level":20,"msg":"Processed: \u001b[35msource/js/src/scroll-cookie.js\u001b[39m","time":"2017-07-29T07:38:02.582Z","v":0}
{"name":"hexo","hostname":"gejiajundeMini.lan","pid":8558,"level":20,"msg":"Processed: \u001b[35msource/js/src/scrollspy.js\u001b[39m","time":"2017-07-29T07:38:02.582Z","v":0}
{"name":"hexo","hostname":"gejiajundeMini.lan","pid":8558,"level":20,"msg":"Processed: \u001b[35msource/js/src/utils.js\u001b[39m","time":"2017-07-29T07:38:02.583Z","v":0}
{"name":"hexo","hostname":"gejiajundeMini.lan","pid":8558,"level":20,"msg":"Processed: \u001b[35msource/lib/algolia-instant-search/instantsearch.min.css\u001b[39m","time":"2017-07-29T07:38:02.583Z","v":0}
{"name":"hexo","hostname":"gejiajundeMini.lan","pid":8558,"level":20,"msg":"Processed: \u001b[35msource/lib/canvas-nest/canvas-nest.min.js\u001b[39m","time":"2017-07-29T07:38:02.583Z","v":0}
{"name":"hexo","hostname":"gejiajundeMini.lan","pid":8558,"level":20,"msg":"Processed: \u001b[35msource/lib/canvas-ribbon/canvas-ribbon.js\u001b[39m","time":"2017-07-29T07:38:02.583Z","v":0}
{"name":"hexo","hostname":"gejiajundeMini.lan","pid":8558,"level":20,"msg":"Processed: \u001b[35msource/lib/fastclick/LICENSE\u001b[39m","time":"2017-07-29T07:38:02.583Z","v":0}
{"name":"hexo","hostname":"gejiajundeMini.lan","pid":8558,"level":20,"msg":"Processed: \u001b[35msource/lib/fastclick/README.md\u001b[39m","time":"2017-07-29T07:38:02.584Z","v":0}
{"name":"hexo","hostname":"gejiajundeMini.lan","pid":8558,"level":20,"msg":"Processed: \u001b[35msource/lib/fastclick/bower.json\u001b[39m","time":"2017-07-29T07:38:02.584Z","v":0}
{"name":"hexo","hostname":"gejiajundeMini.lan","pid":8558,"level":20,"msg":"Processed: \u001b[35msource/lib/font-awesome/HELP-US-OUT.txt\u001b[39m","time":"2017-07-29T07:38:02.584Z","v":0}
{"name":"hexo","hostname":"gejiajundeMini.lan","pid":8558,"level":20,"msg":"Processed: \u001b[35msource/lib/font-awesome/bower.json\u001b[39m","time":"2017-07-29T07:38:02.584Z","v":0}
{"name":"hexo","hostname":"gejiajundeMini.lan","pid":8558,"level":20,"msg":"Processed: \u001b[35msource/lib/jquery_lazyload/CONTRIBUTING.md\u001b[39m","time":"2017-07-29T07:38:02.584Z","v":0}
{"name":"hexo","hostname":"gejiajundeMini.lan","pid":8558,"level":20,"msg":"Processed: \u001b[35msource/lib/jquery_lazyload/README.md\u001b[39m","time":"2017-07-29T07:38:02.585Z","v":0}
{"name":"hexo","hostname":"gejiajundeMini.lan","pid":8558,"level":20,"msg":"Processed: \u001b[35msource/lib/jquery_lazyload/bower.json\u001b[39m","time":"2017-07-29T07:38:02.585Z","v":0}
{"name":"hexo","hostname":"gejiajundeMini.lan","pid":8558,"level":20,"msg":"Processed: \u001b[35msource/lib/jquery_lazyload/jquery.lazyload.js\u001b[39m","time":"2017-07-29T07:38:02.585Z","v":0}
{"name":"hexo","hostname":"gejiajundeMini.lan","pid":8558,"level":20,"msg":"Processed: \u001b[35msource/lib/jquery_lazyload/jquery.scrollstop.js\u001b[39m","time":"2017-07-29T07:38:02.585Z","v":0}
{"name":"hexo","hostname":"gejiajundeMini.lan","pid":8558,"level":20,"msg":"Processed: \u001b[35msource/lib/three/canvas_lines.min.js\u001b[39m","time":"2017-07-29T07:38:02.585Z","v":0}
{"name":"hexo","hostname":"gejiajundeMini.lan","pid":8558,"level":20,"msg":"Processed: \u001b[35msource/lib/three/canvas_sphere.min.js\u001b[39m","time":"2017-07-29T07:38:02.586Z","v":0}
{"name":"hexo","hostname":"gejiajundeMini.lan","pid":8558,"level":20,"msg":"Processed: \u001b[35msource/lib/three/three-waves.min.js\u001b[39m","time":"2017-07-29T07:38:02.586Z","v":0}
{"name":"hexo","hostname":"gejiajundeMini.lan","pid":8558,"level":20,"msg":"Processed: \u001b[35msource/lib/velocity/bower.json\u001b[39m","time":"2017-07-29T07:38:02.586Z","v":0}
{"name":"hexo","hostname":"gejiajundeMini.lan","pid":8558,"level":20,"msg":"Processed: \u001b[35msource/lib/velocity/velocity.min.js\u001b[39m","time":"2017-07-29T07:38:02.586Z","v":0}
{"name":"hexo","hostname":"gejiajundeMini.lan","pid":8558,"level":20,"msg":"Processed: \u001b[35msource/lib/velocity/velocity.ui.min.js\u001b[39m","time":"2017-07-29T07:38:02.586Z","v":0}
{"name":"hexo","hostname":"gejiajundeMini.lan","pid":8558,"level":20,"msg":"Processed: \u001b[35msource/lib/velocity/velocity.ui.js\u001b[39m","time":"2017-07-29T07:38:02.586Z","v":0}
{"name":"hexo","hostname":"gejiajundeMini.lan","pid":8558,"level":20,"msg":"Processed: \u001b[35mlayout/_custom/header.swig\u001b[39m","time":"2017-07-29T07:38:02.713Z","v":0}
{"name":"hexo","hostname":"gejiajundeMini.lan","pid":8558,"level":20,"msg":"Processed: \u001b[35mlayout/_custom/sidebar.swig\u001b[39m","time":"2017-07-29T07:38:02.713Z","v":0}
{"name":"hexo","hostname":"gejiajundeMini.lan","pid":8558,"level":20,"msg":"Processed: \u001b[35mlayout/_macro/post-collapse.swig\u001b[39m","time":"2017-07-29T07:38:02.713Z","v":0}
{"name":"hexo","hostname":"gejiajundeMini.lan","pid":8558,"level":20,"msg":"Processed: \u001b[35mlayout/_macro/post-copyright.swig\u001b[39m","time":"2017-07-29T07:38:02.713Z","v":0}
{"name":"hexo","hostname":"gejiajundeMini.lan","pid":8558,"level":20,"msg":"Processed: \u001b[35mlayout/_macro/post.swig\u001b[39m","time":"2017-07-29T07:38:02.713Z","v":0}
{"name":"hexo","hostname":"gejiajundeMini.lan","pid":8558,"level":20,"msg":"Processed: \u001b[35mlayout/_macro/reward.swig\u001b[39m","time":"2017-07-29T07:38:02.713Z","v":0}
{"name":"hexo","hostname":"gejiajundeMini.lan","pid":8558,"level":20,"msg":"Processed: \u001b[35mlayout/_macro/wechat-subscriber.swig\u001b[39m","time":"2017-07-29T07:38:02.714Z","v":0}
{"name":"hexo","hostname":"gejiajundeMini.lan","pid":8558,"level":20,"msg":"Processed: \u001b[35mlayout/_macro/sidebar.swig\u001b[39m","time":"2017-07-29T07:38:02.714Z","v":0}
{"name":"hexo","hostname":"gejiajundeMini.lan","pid":8558,"level":20,"msg":"Processed: \u001b[35mlayout/_partials/comments.swig\u001b[39m","time":"2017-07-29T07:38:02.714Z","v":0}
{"name":"hexo","hostname":"gejiajundeMini.lan","pid":8558,"level":20,"msg":"Processed: \u001b[35mlayout/_partials/footer.swig\u001b[39m","time":"2017-07-29T07:38:02.714Z","v":0}
{"name":"hexo","hostname":"gejiajundeMini.lan","pid":8558,"level":20,"msg":"Processed: \u001b[35mlayout/_partials/header.swig\u001b[39m","time":"2017-07-29T07:38:02.714Z","v":0}
{"name":"hexo","hostname":"gejiajundeMini.lan","pid":8558,"level":20,"msg":"Processed: \u001b[35mlayout/_partials/head.swig\u001b[39m","time":"2017-07-29T07:38:02.714Z","v":0}
{"name":"hexo","hostname":"gejiajundeMini.lan","pid":8558,"level":20,"msg":"Processed: \u001b[35mlayout/_partials/page-header.swig\u001b[39m","time":"2017-07-29T07:38:02.714Z","v":0}
{"name":"hexo","hostname":"gejiajundeMini.lan","pid":8558,"level":20,"msg":"Processed: \u001b[35mlayout/_partials/pagination.swig\u001b[39m","time":"2017-07-29T07:38:02.714Z","v":0}
{"name":"hexo","hostname":"gejiajundeMini.lan","pid":8558,"level":20,"msg":"Processed: \u001b[35mlayout/_partials/search.swig\u001b[39m","time":"2017-07-29T07:38:02.714Z","v":0}
{"name":"hexo","hostname":"gejiajundeMini.lan","pid":8558,"level":20,"msg":"Processed: \u001b[35mlayout/_scripts/commons.swig\u001b[39m","time":"2017-07-29T07:38:02.714Z","v":0}
{"name":"hexo","hostname":"gejiajundeMini.lan","pid":8558,"level":20,"msg":"Processed: \u001b[35mlayout/_scripts/boostrap.swig\u001b[39m","time":"2017-07-29T07:38:02.715Z","v":0}
{"name":"hexo","hostname":"gejiajundeMini.lan","pid":8558,"level":20,"msg":"Processed: \u001b[35mlayout/_scripts/vendors.swig\u001b[39m","time":"2017-07-29T07:38:02.715Z","v":0}
{"name":"hexo","hostname":"gejiajundeMini.lan","pid":8558,"level":20,"msg":"Processed: \u001b[35mlayout/_third-party/duoshuo-hot-articles.swig\u001b[39m","time":"2017-07-29T07:38:02.715Z","v":0}
{"name":"hexo","hostname":"gejiajundeMini.lan","pid":8558,"level":20,"msg":"Processed: \u001b[35mlayout/_third-party/exturl.swig\u001b[39m","time":"2017-07-29T07:38:02.715Z","v":0}
{"name":"hexo","hostname":"gejiajundeMini.lan","pid":8558,"level":20,"msg":"Processed: \u001b[35mlayout/_third-party/mathjax.swig\u001b[39m","time":"2017-07-29T07:38:02.715Z","v":0}
{"name":"hexo","hostname":"gejiajundeMini.lan","pid":8558,"level":20,"msg":"Processed: \u001b[35mlayout/_third-party/schedule.swig\u001b[39m","time":"2017-07-29T07:38:02.715Z","v":0}
{"name":"hexo","hostname":"gejiajundeMini.lan","pid":8558,"level":20,"msg":"Processed: \u001b[35mlayout/_third-party/scroll-cookie.swig\u001b[39m","time":"2017-07-29T07:38:02.716Z","v":0}
{"name":"hexo","hostname":"gejiajundeMini.lan","pid":8558,"level":20,"msg":"Processed: \u001b[35msource/lib/jquery/index.js\u001b[39m","time":"2017-07-29T07:38:02.740Z","v":0}
{"name":"hexo","hostname":"gejiajundeMini.lan","pid":8558,"level":20,"msg":"Processed: \u001b[35mlayout/_scripts/schemes/mist.swig\u001b[39m","time":"2017-07-29T07:38:02.759Z","v":0}
{"name":"hexo","hostname":"gejiajundeMini.lan","pid":8558,"level":20,"msg":"Processed: \u001b[35mlayout/_scripts/schemes/muse.swig\u001b[39m","time":"2017-07-29T07:38:02.759Z","v":0}
{"name":"hexo","hostname":"gejiajundeMini.lan","pid":8558,"level":20,"msg":"Processed: \u001b[35msource/js/src/schemes/pisces.js\u001b[39m","time":"2017-07-29T07:38:02.760Z","v":0}
{"name":"hexo","hostname":"gejiajundeMini.lan","pid":8558,"level":20,"msg":"Processed: \u001b[35msource/lib/Han/dist/han.min.css\u001b[39m","time":"2017-07-29T07:38:02.760Z","v":0}
{"name":"hexo","hostname":"gejiajundeMini.lan","pid":8558,"level":20,"msg":"Processed: \u001b[35msource/lib/Han/dist/han.min.js\u001b[39m","time":"2017-07-29T07:38:02.760Z","v":0}
{"name":"hexo","hostname":"gejiajundeMini.lan","pid":8558,"level":20,"msg":"Processed: \u001b[35msource/lib/fancybox/source/blank.gif\u001b[39m","time":"2017-07-29T07:38:02.760Z","v":0}
{"name":"hexo","hostname":"gejiajundeMini.lan","pid":8558,"level":20,"msg":"Processed: \u001b[35msource/lib/fancybox/source/fancybox_loading.gif\u001b[39m","time":"2017-07-29T07:38:02.761Z","v":0}
{"name":"hexo","hostname":"gejiajundeMini.lan","pid":8558,"level":20,"msg":"Processed: \u001b[35msource/lib/fancybox/source/fancybox_loading@2x.gif\u001b[39m","time":"2017-07-29T07:38:02.761Z","v":0}
{"name":"hexo","hostname":"gejiajundeMini.lan","pid":8558,"level":20,"msg":"Processed: \u001b[35msource/lib/fancybox/source/fancybox_overlay.png\u001b[39m","time":"2017-07-29T07:38:02.761Z","v":0}
{"name":"hexo","hostname":"gejiajundeMini.lan","pid":8558,"level":20,"msg":"Processed: \u001b[35msource/lib/fancybox/source/fancybox_sprite.png\u001b[39m","time":"2017-07-29T07:38:02.762Z","v":0}
{"name":"hexo","hostname":"gejiajundeMini.lan","pid":8558,"level":20,"msg":"Processed: \u001b[35msource/lib/fancybox/source/fancybox_sprite@2x.png\u001b[39m","time":"2017-07-29T07:38:02.762Z","v":0}
{"name":"hexo","hostname":"gejiajundeMini.lan","pid":8558,"level":20,"msg":"Processed: \u001b[35msource/lib/fancybox/source/jquery.fancybox.css\u001b[39m","time":"2017-07-29T07:38:02.763Z","v":0}
{"name":"hexo","hostname":"gejiajundeMini.lan","pid":8558,"level":20,"msg":"Processed: \u001b[35msource/lib/fancybox/source/jquery.fancybox.pack.js\u001b[39m","time":"2017-07-29T07:38:02.763Z","v":0}
{"name":"hexo","hostname":"gejiajundeMini.lan","pid":8558,"level":20,"msg":"Processed: \u001b[35msource/lib/fancybox/source/jquery.fancybox.js\u001b[39m","time":"2017-07-29T07:38:02.763Z","v":0}
{"name":"hexo","hostname":"gejiajundeMini.lan","pid":8558,"level":20,"msg":"Processed: \u001b[35msource/lib/fastclick/lib/fastclick.js\u001b[39m","time":"2017-07-29T07:38:02.763Z","v":0}
{"name":"hexo","hostname":"gejiajundeMini.lan","pid":8558,"level":20,"msg":"Processed: \u001b[35msource/lib/fastclick/lib/fastclick.min.js\u001b[39m","time":"2017-07-29T07:38:02.764Z","v":0}
{"name":"hexo","hostname":"gejiajundeMini.lan","pid":8558,"level":20,"msg":"Processed: \u001b[35msource/lib/font-awesome/css/font-awesome.css\u001b[39m","time":"2017-07-29T07:38:02.764Z","v":0}
{"name":"hexo","hostname":"gejiajundeMini.lan","pid":8558,"level":20,"msg":"Processed: \u001b[35msource/lib/font-awesome/css/font-awesome.css.map\u001b[39m","time":"2017-07-29T07:38:02.764Z","v":0}
{"name":"hexo","hostname":"gejiajundeMini.lan","pid":8558,"level":20,"msg":"Processed: \u001b[35msource/lib/font-awesome/css/font-awesome.min.css\u001b[39m","time":"2017-07-29T07:38:02.764Z","v":0}
{"name":"hexo","hostname":"gejiajundeMini.lan","pid":8558,"level":20,"msg":"Processed: \u001b[35msource/lib/ua-parser-js/dist/ua-parser.min.js\u001b[39m","time":"2017-07-29T07:38:02.764Z","v":0}
{"name":"hexo","hostname":"gejiajundeMini.lan","pid":8558,"level":20,"msg":"Processed: \u001b[35msource/lib/ua-parser-js/dist/ua-parser.pack.js\u001b[39m","time":"2017-07-29T07:38:02.764Z","v":0}
{"name":"hexo","hostname":"gejiajundeMini.lan","pid":8558,"level":20,"msg":"Processed: \u001b[35mlayout/_partials/head/custom-head.swig\u001b[39m","time":"2017-07-29T07:38:02.796Z","v":0}
{"name":"hexo","hostname":"gejiajundeMini.lan","pid":8558,"level":20,"msg":"Processed: \u001b[35mlayout/_partials/head/external-fonts.swig\u001b[39m","time":"2017-07-29T07:38:02.796Z","v":0}
{"name":"hexo","hostname":"gejiajundeMini.lan","pid":8558,"level":20,"msg":"Processed: \u001b[35mlayout/_partials/search/localsearch.swig\u001b[39m","time":"2017-07-29T07:38:02.796Z","v":0}
{"name":"hexo","hostname":"gejiajundeMini.lan","pid":8558,"level":20,"msg":"Processed: \u001b[35mlayout/_partials/search/swiftype.swig\u001b[39m","time":"2017-07-29T07:38:02.796Z","v":0}
{"name":"hexo","hostname":"gejiajundeMini.lan","pid":8558,"level":20,"msg":"Processed: \u001b[35mlayout/_partials/search/tinysou.swig\u001b[39m","time":"2017-07-29T07:38:02.797Z","v":0}
{"name":"hexo","hostname":"gejiajundeMini.lan","pid":8558,"level":20,"msg":"Processed: \u001b[35mlayout/_partials/share/add-this.swig\u001b[39m","time":"2017-07-29T07:38:02.797Z","v":0}
{"name":"hexo","hostname":"gejiajundeMini.lan","pid":8558,"level":20,"msg":"Processed: \u001b[35mlayout/_partials/share/baidushare.swig\u001b[39m","time":"2017-07-29T07:38:02.797Z","v":0}
{"name":"hexo","hostname":"gejiajundeMini.lan","pid":8558,"level":20,"msg":"Processed: \u001b[35mlayout/_partials/share/duoshuo_share.swig\u001b[39m","time":"2017-07-29T07:38:02.797Z","v":0}
{"name":"hexo","hostname":"gejiajundeMini.lan","pid":8558,"level":20,"msg":"Processed: \u001b[35mlayout/_partials/share/jiathis.swig\u001b[39m","time":"2017-07-29T07:38:02.797Z","v":0}
{"name":"hexo","hostname":"gejiajundeMini.lan","pid":8558,"level":20,"msg":"Processed: \u001b[35mlayout/_scripts/pages/post-details.swig\u001b[39m","time":"2017-07-29T07:38:02.797Z","v":0}
{"name":"hexo","hostname":"gejiajundeMini.lan","pid":8558,"level":20,"msg":"Processed: \u001b[35mlayout/_scripts/schemes/pisces.swig\u001b[39m","time":"2017-07-29T07:38:02.797Z","v":0}
{"name":"hexo","hostname":"gejiajundeMini.lan","pid":8558,"level":20,"msg":"Processed: \u001b[35mlayout/_third-party/analytics/application-insights.swig\u001b[39m","time":"2017-07-29T07:38:02.797Z","v":0}
{"name":"hexo","hostname":"gejiajundeMini.lan","pid":8558,"level":20,"msg":"Processed: \u001b[35mlayout/_third-party/analytics/baidu-analytics.swig\u001b[39m","time":"2017-07-29T07:38:02.797Z","v":0}
{"name":"hexo","hostname":"gejiajundeMini.lan","pid":8558,"level":20,"msg":"Processed: \u001b[35mlayout/_third-party/analytics/busuanzi-counter.swig\u001b[39m","time":"2017-07-29T07:38:02.797Z","v":0}
{"name":"hexo","hostname":"gejiajundeMini.lan","pid":8558,"level":20,"msg":"Processed: \u001b[35mlayout/_third-party/analytics/cnzz-analytics.swig\u001b[39m","time":"2017-07-29T07:38:02.797Z","v":0}
{"name":"hexo","hostname":"gejiajundeMini.lan","pid":8558,"level":20,"msg":"Processed: \u001b[35mlayout/_third-party/analytics/facebook-sdk.swig\u001b[39m","time":"2017-07-29T07:38:02.797Z","v":0}
{"name":"hexo","hostname":"gejiajundeMini.lan","pid":8558,"level":20,"msg":"Processed: \u001b[35mlayout/_third-party/analytics/google-analytics.swig\u001b[39m","time":"2017-07-29T07:38:02.797Z","v":0}
{"name":"hexo","hostname":"gejiajundeMini.lan","pid":8558,"level":20,"msg":"Processed: \u001b[35mlayout/_third-party/analytics/index.swig\u001b[39m","time":"2017-07-29T07:38:02.797Z","v":0}
{"name":"hexo","hostname":"gejiajundeMini.lan","pid":8558,"level":20,"msg":"Processed: \u001b[35mlayout/_third-party/analytics/lean-analytics.swig\u001b[39m","time":"2017-07-29T07:38:02.797Z","v":0}
{"name":"hexo","hostname":"gejiajundeMini.lan","pid":8558,"level":20,"msg":"Processed: \u001b[35mlayout/_third-party/analytics/tencent-analytics.swig\u001b[39m","time":"2017-07-29T07:38:02.797Z","v":0}
{"name":"hexo","hostname":"gejiajundeMini.lan","pid":8558,"level":20,"msg":"Processed: \u001b[35mlayout/_third-party/analytics/tencent-mta.swig\u001b[39m","time":"2017-07-29T07:38:02.797Z","v":0}
{"name":"hexo","hostname":"gejiajundeMini.lan","pid":8558,"level":20,"msg":"Processed: \u001b[35mlayout/_third-party/analytics/vkontakte-api.swig\u001b[39m","time":"2017-07-29T07:38:02.798Z","v":0}
{"name":"hexo","hostname":"gejiajundeMini.lan","pid":8558,"level":20,"msg":"Processed: \u001b[35mlayout/_third-party/comments/changyan.swig\u001b[39m","time":"2017-07-29T07:38:02.798Z","v":0}
{"name":"hexo","hostname":"gejiajundeMini.lan","pid":8558,"level":20,"msg":"Processed: \u001b[35mlayout/_third-party/comments/disqus.swig\u001b[39m","time":"2017-07-29T07:38:02.798Z","v":0}
{"name":"hexo","hostname":"gejiajundeMini.lan","pid":8558,"level":20,"msg":"Processed: \u001b[35mlayout/_third-party/comments/gentie.swig\u001b[39m","time":"2017-07-29T07:38:02.798Z","v":0}
{"name":"hexo","hostname":"gejiajundeMini.lan","pid":8558,"level":20,"msg":"Processed: \u001b[35mlayout/_third-party/comments/duoshuo.swig\u001b[39m","time":"2017-07-29T07:38:02.798Z","v":0}
{"name":"hexo","hostname":"gejiajundeMini.lan","pid":8558,"level":20,"msg":"Processed: \u001b[35mlayout/_third-party/comments/hypercomments.swig\u001b[39m","time":"2017-07-29T07:38:02.798Z","v":0}
{"name":"hexo","hostname":"gejiajundeMini.lan","pid":8558,"level":20,"msg":"Processed: \u001b[35mlayout/_third-party/comments/index.swig\u001b[39m","time":"2017-07-29T07:38:02.799Z","v":0}
{"name":"hexo","hostname":"gejiajundeMini.lan","pid":8558,"level":20,"msg":"Processed: \u001b[35mlayout/_third-party/comments/livere.swig\u001b[39m","time":"2017-07-29T07:38:02.799Z","v":0}
{"name":"hexo","hostname":"gejiajundeMini.lan","pid":8558,"level":20,"msg":"Processed: \u001b[35mlayout/_third-party/comments/youyan.swig\u001b[39m","time":"2017-07-29T07:38:02.799Z","v":0}
{"name":"hexo","hostname":"gejiajundeMini.lan","pid":8558,"level":20,"msg":"Processed: \u001b[35mlayout/_third-party/search/index.swig\u001b[39m","time":"2017-07-29T07:38:02.799Z","v":0}
{"name":"hexo","hostname":"gejiajundeMini.lan","pid":8558,"level":20,"msg":"Processed: \u001b[35mlayout/_third-party/search/localsearch.swig\u001b[39m","time":"2017-07-29T07:38:02.799Z","v":0}
{"name":"hexo","hostname":"gejiajundeMini.lan","pid":8558,"level":20,"msg":"Processed: \u001b[35mlayout/_third-party/search/tinysou.swig\u001b[39m","time":"2017-07-29T07:38:02.800Z","v":0}
{"name":"hexo","hostname":"gejiajundeMini.lan","pid":8558,"level":20,"msg":"Processed: \u001b[35mlayout/_third-party/seo/baidu-push.swig\u001b[39m","time":"2017-07-29T07:38:02.800Z","v":0}
{"name":"hexo","hostname":"gejiajundeMini.lan","pid":8558,"level":20,"msg":"Processed: \u001b[35msource/lib/Han/dist/han.css\u001b[39m","time":"2017-07-29T07:38:02.806Z","v":0}
{"name":"hexo","hostname":"gejiajundeMini.lan","pid":8558,"level":20,"msg":"Processed: \u001b[35msource/lib/Han/dist/han.js\u001b[39m","time":"2017-07-29T07:38:02.807Z","v":0}
{"name":"hexo","hostname":"gejiajundeMini.lan","pid":8558,"level":20,"msg":"Processed: \u001b[35msource/lib/font-awesome/fonts/fontawesome-webfont.woff\u001b[39m","time":"2017-07-29T07:38:02.807Z","v":0}
{"name":"hexo","hostname":"gejiajundeMini.lan","pid":8558,"level":20,"msg":"Processed: \u001b[35msource/lib/font-awesome/fonts/fontawesome-webfont.woff2\u001b[39m","time":"2017-07-29T07:38:02.807Z","v":0}
{"name":"hexo","hostname":"gejiajundeMini.lan","pid":8558,"level":20,"msg":"Processed: \u001b[35msource/lib/velocity/velocity.js\u001b[39m","time":"2017-07-29T07:38:02.808Z","v":0}
{"name":"hexo","hostname":"gejiajundeMini.lan","pid":8558,"level":20,"msg":"Processed: \u001b[35msource/lib/Han/dist/font/han-space.woff\u001b[39m","time":"2017-07-29T07:38:02.815Z","v":0}
{"name":"hexo","hostname":"gejiajundeMini.lan","pid":8558,"level":20,"msg":"Processed: \u001b[35msource/lib/Han/dist/font/han-space.otf\u001b[39m","time":"2017-07-29T07:38:02.816Z","v":0}
{"name":"hexo","hostname":"gejiajundeMini.lan","pid":8558,"level":20,"msg":"Processed: \u001b[35msource/lib/Han/dist/font/han.otf\u001b[39m","time":"2017-07-29T07:38:02.816Z","v":0}
{"name":"hexo","hostname":"gejiajundeMini.lan","pid":8558,"level":20,"msg":"Processed: \u001b[35msource/lib/Han/dist/font/han.woff\u001b[39m","time":"2017-07-29T07:38:02.816Z","v":0}
{"name":"hexo","hostname":"gejiajundeMini.lan","pid":8558,"level":20,"msg":"Processed: \u001b[35msource/lib/fancybox/source/helpers/fancybox_buttons.png\u001b[39m","time":"2017-07-29T07:38:02.816Z","v":0}
{"name":"hexo","hostname":"gejiajundeMini.lan","pid":8558,"level":20,"msg":"Processed: \u001b[35msource/lib/fancybox/source/helpers/jquery.fancybox-buttons.css\u001b[39m","time":"2017-07-29T07:38:02.817Z","v":0}
{"name":"hexo","hostname":"gejiajundeMini.lan","pid":8558,"level":20,"msg":"Processed: \u001b[35msource/lib/fancybox/source/helpers/jquery.fancybox-buttons.js\u001b[39m","time":"2017-07-29T07:38:02.817Z","v":0}
{"name":"hexo","hostname":"gejiajundeMini.lan","pid":8558,"level":20,"msg":"Processed: \u001b[35msource/lib/fancybox/source/helpers/jquery.fancybox-thumbs.css\u001b[39m","time":"2017-07-29T07:38:02.817Z","v":0}
{"name":"hexo","hostname":"gejiajundeMini.lan","pid":8558,"level":20,"msg":"Processed: \u001b[35msource/lib/fancybox/source/helpers/jquery.fancybox-media.js\u001b[39m","time":"2017-07-29T07:38:02.817Z","v":0}
{"name":"hexo","hostname":"gejiajundeMini.lan","pid":8558,"level":20,"msg":"Processed: \u001b[35msource/lib/fancybox/source/helpers/jquery.fancybox-thumbs.js\u001b[39m","time":"2017-07-29T07:38:02.817Z","v":0}
{"name":"hexo","hostname":"gejiajundeMini.lan","pid":8558,"level":20,"msg":"Processed: \u001b[35msource/lib/font-awesome/fonts/fontawesome-webfont.eot\u001b[39m","time":"2017-07-29T07:38:02.817Z","v":0}
{"name":"hexo","hostname":"gejiajundeMini.lan","pid":8558,"level":20,"msg":"Processed: \u001b[35msource/lib/font-awesome/fonts/FontAwesome.otf\u001b[39m","time":"2017-07-29T07:38:02.818Z","v":0}
{"name":"hexo","hostname":"gejiajundeMini.lan","pid":8558,"level":20,"msg":"Processed: \u001b[35msource/lib/font-awesome/fonts/fontawesome-webfont.ttf\u001b[39m","time":"2017-07-29T07:38:02.818Z","v":0}
{"name":"hexo","hostname":"gejiajundeMini.lan","pid":8558,"level":20,"msg":"Processed: \u001b[35mlayout/_third-party/search/algolia-search/assets.swig\u001b[39m","time":"2017-07-29T07:38:02.824Z","v":0}
{"name":"hexo","hostname":"gejiajundeMini.lan","pid":8558,"level":20,"msg":"Processed: \u001b[35mlayout/_third-party/search/algolia-search/dom.swig\u001b[39m","time":"2017-07-29T07:38:02.824Z","v":0}
{"name":"hexo","hostname":"gejiajundeMini.lan","pid":8558,"level":20,"msg":"Processed: \u001b[35msource/lib/algolia-instant-search/instantsearch.min.js\u001b[39m","time":"2017-07-29T07:38:02.839Z","v":0}
{"name":"hexo","hostname":"gejiajundeMini.lan","pid":8558,"level":20,"msg":"Processed: \u001b[35msource/lib/three/three.min.js\u001b[39m","time":"2017-07-29T07:38:02.840Z","v":0}
{"name":"hexo","hostname":"gejiajundeMini.lan","pid":8558,"level":20,"msg":"Processed: \u001b[35msource/lib/font-awesome/fonts/fontawesome-webfont.svg\u001b[39m","time":"2017-07-29T07:38:02.841Z","v":0}
{"name":"hexo","hostname":"gejiajundeMini.lan","pid":8558,"level":20,"msg":"Generator: \u001b[35mpage\u001b[39m","time":"2017-07-29T07:38:03.168Z","v":0}
{"name":"hexo","hostname":"gejiajundeMini.lan","pid":8558,"level":20,"msg":"Generator: \u001b[35mpost\u001b[39m","time":"2017-07-29T07:38:03.168Z","v":0}
{"name":"hexo","hostname":"gejiajundeMini.lan","pid":8558,"level":20,"msg":"Generator: \u001b[35marchive\u001b[39m","time":"2017-07-29T07:38:03.168Z","v":0}
{"name":"hexo","hostname":"gejiajundeMini.lan","pid":8558,"level":20,"msg":"Generator: \u001b[35mbaidusitemap\u001b[39m","time":"2017-07-29T07:38:03.168Z","v":0}
{"name":"hexo","hostname":"gejiajundeMini.lan","pid":8558,"level":20,"msg":"Generator: \u001b[35mcategory\u001b[39m","time":"2017-07-29T07:38:03.168Z","v":0}
{"name":"hexo","hostname":"gejiajundeMini.lan","pid":8558,"level":20,"msg":"Generator: \u001b[35mindex\u001b[39m","time":"2017-07-29T07:38:03.168Z","v":0}
{"name":"hexo","hostname":"gejiajundeMini.lan","pid":8558,"level":20,"msg":"Generator: \u001b[35msitemap\u001b[39m","time":"2017-07-29T07:38:03.169Z","v":0}
{"name":"hexo","hostname":"gejiajundeMini.lan","pid":8558,"level":20,"msg":"Generator: \u001b[35mtag\u001b[39m","time":"2017-07-29T07:38:03.169Z","v":0}
{"name":"hexo","hostname":"gejiajundeMini.lan","pid":8558,"level":20,"msg":"Generator: \u001b[35masset\u001b[39m","time":"2017-07-29T07:38:03.170Z","v":0}
{"name":"hexo","hostname":"gejiajundeMini.lan","pid":8558,"level":30,"msg":"Hexo is running at \u001b[4mhttp://localhost:4000/\u001b[24m. Press Ctrl+C to stop.","time":"2017-07-29T07:38:03.186Z","v":0}
{"name":"hexo","hostname":"gejiajundeMini.lan","pid":8558,"level":20,"msg":"Database saved","time":"2017-07-29T07:38:03.217Z","v":0}
{"name":"hexo","hostname":"gejiajundeMini.lan","pid":8558,"level":20,"msg":"Rendering index: \u001b[35mindex.html\u001b[39m","time":"2017-07-29T07:38:24.369Z","v":0}
{"name":"hexo","hostname":"gejiajundeMini.lan","pid":8558,"level":30,"msg":"Catch you later","time":"2017-07-29T07:40:23.413Z","v":0}
{"name":"hexo","hostname":"gejiajundeMini.lan","pid":8558,"level":20,"msg":"Database saved","time":"2017-07-29T07:40:23.474Z","v":0}
